2023-12-06T14:15:56+00:00 kkk333#00 I: Runner: processes
2023-12-06T14:15:56+00:00 kkk333#00 I: Chooser: simple
2023-12-06T14:15:56+00:00 kkk333#00 I: Configuration suite_name = "suite"
2023-12-06T14:15:56+00:00 kkk333#00 I: Configuration cache_filename = "/home/kkk/code/simPL/_build/oUnit-$(suite_name).cache"
2023-12-06T14:15:56+00:00 kkk333#00 I: Configuration run_gc_full_major = "true"
2023-12-06T14:15:56+00:00 kkk333#00 I: Configuration display = "true"
2023-12-06T14:15:56+00:00 kkk333#00 I: Configuration results_style_1_X = "false"
2023-12-06T14:15:56+00:00 kkk333#00 I: Configuration testdata_dir = "none"
2023-12-06T14:15:56+00:00 kkk333#00 I: Configuration health_check_interval = "1."
2023-12-06T14:15:56+00:00 kkk333#00 I: Configuration verbose = "false"
2023-12-06T14:15:56+00:00 kkk333#00 I: Configuration chooser = "simple"
2023-12-06T14:15:56+00:00 kkk333#00 I: Configuration output_html_dir = "none"
2023-12-06T14:15:56+00:00 kkk333#00 I: Configuration processes_kill_period = "5."
2023-12-06T14:15:56+00:00 kkk333#00 I: Configuration runner = "processes"
2023-12-06T14:15:56+00:00 kkk333#00 I: Configuration shards = "14"
2023-12-06T14:15:56+00:00 kkk333#00 I: Configuration processes_grace_period = "5."
2023-12-06T14:15:56+00:00 kkk333#00 I: Configuration log_encoding = "utf-8"
2023-12-06T14:15:56+00:00 kkk333#00 I: Configuration output_junit_file = "none"
2023-12-06T14:15:56+00:00 kkk333#00 I: Configuration ci = "false"
2023-12-06T14:15:56+00:00 kkk333#00 I: Configuration output_file = "/home/kkk/code/simPL/_build/oUnit-$(suite_name)-$(shard_id).log"
2023-12-06T14:15:56+00:00 kkk333#00 I: Using 14 workers maximum.
2023-12-06T14:15:56+00:00 kkk333#00 I: Starting worker number kkk333#01.
2023-12-06T14:15:56+00:00 kkk333#00 I: Worker kkk333#01 started.
2023-12-06T14:15:56+00:00 kkk333#00 I: Starting worker number kkk333#02.
2023-12-06T14:15:56+00:00 kkk333#00 I: Worker kkk333#02 started.
2023-12-06T14:15:56+00:00 kkk333#00 I: Starting worker number kkk333#03.
2023-12-06T14:15:56+00:00 kkk333#00 I: Worker kkk333#03 started.
2023-12-06T14:15:56+00:00 kkk333#00 I: Starting worker number kkk333#04.
2023-12-06T14:15:56+00:00 kkk333#00 I: Worker kkk333#04 started.
2023-12-06T14:15:56+00:00 kkk333#00 I: Starting worker number kkk333#05.
2023-12-06T14:15:56+00:00 kkk333#00 I: Worker kkk333#05 started.
2023-12-06T14:15:56+00:00 kkk333#00 I: Starting worker number kkk333#06.
2023-12-06T14:15:56+00:00 kkk333#00 I: Worker kkk333#06 started.
2023-12-06T14:15:56+00:00 kkk333#00 I: Starting worker number kkk333#07.
2023-12-06T14:15:56+00:00 kkk333#00 I: Worker kkk333#07 started.
2023-12-06T14:15:56+00:00 kkk333#00 I: Starting worker number kkk333#08.
2023-12-06T14:15:56+00:00 kkk333#00 I: Worker kkk333#08 started.
2023-12-06T14:15:56+00:00 kkk333#00 I: Starting worker number kkk333#09.
2023-12-06T14:15:56+00:00 kkk333#00 I: Worker kkk333#09 started.
2023-12-06T14:15:56+00:00 kkk333#00 I: Starting worker number kkk333#10.
2023-12-06T14:15:56+00:00 kkk333#00 I: Worker kkk333#10 started.
2023-12-06T14:15:56+00:00 kkk333#00 I: Starting worker number kkk333#11.
2023-12-06T14:15:56+00:00 kkk333#00 I: Worker kkk333#11 started.
2023-12-06T14:15:56+00:00 kkk333#00 I: Starting worker number kkk333#12.
2023-12-06T14:15:56+00:00 kkk333#00 I: Worker kkk333#12 started.
2023-12-06T14:15:56+00:00 kkk333#00 I: Starting worker number kkk333#13.
2023-12-06T14:15:56+00:00 kkk333#00 I: Worker kkk333#13 started.
2023-12-06T14:15:56+00:00 kkk333#00 I: Still 13 tests running : suite:12:letif, suite:11:if3, suite:10:if2, suite:9:if1, suite:8:mul4, suite:7:mul3, suite:6:mul2, suite:5:mul1, suite:4:lets, suite:3:let, suite:2:adds, suite:1:add, suite:0:int.
2023-12-06T14:15:56+00:00 kkk333#00 I: 13 tests running: suite:12:letif, suite:11:if3, suite:10:if2, suite:9:if1, suite:8:mul4, suite:7:mul3, suite:6:mul2, suite:5:mul1, suite:4:lets, suite:3:let, suite:2:adds, suite:1:add, suite:0:int.
2023-12-06T14:15:56+00:00 kkk333#01 I: Start test suite:0:int.
2023-12-06T14:15:56+00:00 kkk333#02 I: Start test suite:1:add.
2023-12-06T14:15:56+00:00 kkk333#03 I: Start test suite:2:adds.
2023-12-06T14:15:56+00:00 kkk333#04 I: Start test suite:3:let.
2023-12-06T14:15:56+00:00 kkk333#05 I: Start test suite:4:lets.
2023-12-06T14:15:56+00:00 kkk333#06 I: Start test suite:5:mul1.
2023-12-06T14:15:56+00:00 kkk333#07 I: Start test suite:6:mul2.
2023-12-06T14:15:56+00:00 kkk333#08 I: Start test suite:7:mul3.
2023-12-06T14:15:56+00:00 kkk333#09 I: Start test suite:8:mul4.
2023-12-06T14:15:56+00:00 kkk333#10 I: Start test suite:9:if1.
2023-12-06T14:15:56+00:00 kkk333#11 I: Start test suite:10:if2.
2023-12-06T14:15:56+00:00 kkk333#12 I: Start test suite:11:if3.
2023-12-06T14:15:56+00:00 kkk333#00 I: Still 13 tests running : suite:12:letif, suite:11:if3, suite:10:if2, suite:9:if1, suite:8:mul4, suite:7:mul3, suite:6:mul2, suite:5:mul1, suite:4:lets, suite:3:let, suite:2:adds, suite:1:add, suite:0:int.
2023-12-06T14:15:56+00:00 kkk333#00 I: 13 tests running: suite:12:letif, suite:11:if3, suite:10:if2, suite:9:if1, suite:8:mul4, suite:7:mul3, suite:6:mul2, suite:5:mul1, suite:4:lets, suite:3:let, suite:2:adds, suite:1:add, suite:0:int.
2023-12-06T14:15:56+00:00 kkk333#01 I: Test suite:0:int is successful.
2023-12-06T14:15:56+00:00 kkk333#02 I: Test suite:1:add is successful.
2023-12-06T14:15:56+00:00 kkk333#03 I: Test suite:2:adds is successful.
2023-12-06T14:15:56+00:00 kkk333#04 I: Test suite:3:let is successful.
2023-12-06T14:15:56+00:00 kkk333#05 I: Test suite:4:lets is successful.
2023-12-06T14:15:56+00:00 kkk333#06 I: Test suite:5:mul1 is successful.
2023-12-06T14:15:56+00:00 kkk333#07 I: Test suite:6:mul2 is successful.
2023-12-06T14:15:56+00:00 kkk333#08 I: Test suite:7:mul3 is successful.
2023-12-06T14:15:56+00:00 kkk333#09 I: Test suite:8:mul4 is successful.
2023-12-06T14:15:56+00:00 kkk333#10 I: Test suite:9:if1 is successful.
2023-12-06T14:15:56+00:00 kkk333#11 I: Test suite:10:if2 is successful.
2023-12-06T14:15:56+00:00 kkk333#00 I: Still 13 tests running : suite:12:letif, suite:11:if3, suite:10:if2, suite:9:if1, suite:8:mul4, suite:7:mul3, suite:6:mul2, suite:5:mul1, suite:4:lets, suite:3:let, suite:2:adds, suite:1:add, suite:0:int.
2023-12-06T14:15:56+00:00 kkk333#00 I: 13 tests running: suite:12:letif, suite:11:if3, suite:10:if2, suite:9:if1, suite:8:mul4, suite:7:mul3, suite:6:mul2, suite:5:mul1, suite:4:lets, suite:3:let, suite:2:adds, suite:1:add, suite:0:int.
2023-12-06T14:15:56+00:00 kkk333#01 I: End test suite:0:int.
2023-12-06T14:15:56+00:00 kkk333#02 I: End test suite:1:add.
2023-12-06T14:15:56+00:00 kkk333#03 I: End test suite:2:adds.
2023-12-06T14:15:56+00:00 kkk333#04 I: End test suite:3:let.
2023-12-06T14:15:56+00:00 kkk333#05 I: End test suite:4:lets.
2023-12-06T14:15:56+00:00 kkk333#06 I: End test suite:5:mul1.
2023-12-06T14:15:56+00:00 kkk333#07 I: End test suite:6:mul2.
2023-12-06T14:15:56+00:00 kkk333#08 I: End test suite:7:mul3.
2023-12-06T14:15:56+00:00 kkk333#09 I: End test suite:8:mul4.
2023-12-06T14:15:56+00:00 kkk333#10 I: End test suite:9:if1.
2023-12-06T14:15:56+00:00 kkk333#11 I: End test suite:10:if2.
2023-12-06T14:15:56+00:00 kkk333#13 I: Start test suite:12:letif.
2023-12-06T14:15:56+00:00 kkk333#00 I: Still 13 tests running : suite:12:letif, suite:11:if3, suite:10:if2, suite:9:if1, suite:8:mul4, suite:7:mul3, suite:6:mul2, suite:5:mul1, suite:4:lets, suite:3:let, suite:2:adds, suite:1:add, suite:0:int.
2023-12-06T14:15:56+00:00 kkk333#00 I: 13 tests running: suite:12:letif, suite:11:if3, suite:10:if2, suite:9:if1, suite:8:mul4, suite:7:mul3, suite:6:mul2, suite:5:mul1, suite:4:lets, suite:3:let, suite:2:adds, suite:1:add, suite:0:int.
2023-12-06T14:15:56+00:00 kkk333#12 I: Test suite:11:if3 is successful.
2023-12-06T14:15:56+00:00 kkk333#00 I: Still 2 tests running : suite:12:letif, suite:11:if3.
2023-12-06T14:15:56+00:00 kkk333#00 I: 2 tests running: suite:12:letif, suite:11:if3.
2023-12-06T14:15:56+00:00 kkk333#12 I: End test suite:11:if3.
2023-12-06T14:15:56+00:00 kkk333#00 I: Still 2 tests running : suite:12:letif, suite:11:if3.
2023-12-06T14:15:56+00:00 kkk333#00 I: 2 tests running: suite:12:letif, suite:11:if3.
2023-12-06T14:15:56+00:00 kkk333#00 I: Still 1 tests running : suite:12:letif.
2023-12-06T14:15:56+00:00 kkk333#00 I: 1 tests running: suite:12:letif.
2023-12-06T14:15:56+00:00 kkk333#13 I: Test suite:12:letif is successful.
2023-12-06T14:15:56+00:00 kkk333#00 I: Still 1 tests running : suite:12:letif.
2023-12-06T14:15:56+00:00 kkk333#00 I: 1 tests running: suite:12:letif.
2023-12-06T14:15:56+00:00 kkk333#13 I: End test suite:12:letif.
2023-12-06T14:15:56+00:00 kkk333#00 I: Still 1 tests running : suite:12:letif.
2023-12-06T14:15:56+00:00 kkk333#00 I: 1 tests running: suite:12:letif.
2023-12-06T14:15:56+00:00 kkk333#00 I: 0 tests running: .
2023-12-06T14:15:56+00:00 kkk333#00 I: Worker kkk333#01 has ended.
2023-12-06T14:15:56+00:00 kkk333#00 I: Worker kkk333#02 has ended.
2023-12-06T14:15:56+00:00 kkk333#00 I: Worker kkk333#03 has ended.
2023-12-06T14:15:56+00:00 kkk333#00 I: Worker kkk333#04 has ended.
2023-12-06T14:15:56+00:00 kkk333#00 I: Worker kkk333#05 has ended.
2023-12-06T14:15:56+00:00 kkk333#00 I: Worker kkk333#06 has ended.
2023-12-06T14:15:56+00:00 kkk333#00 I: Worker kkk333#07 has ended.
2023-12-06T14:15:56+00:00 kkk333#00 I: Worker kkk333#08 has ended.
2023-12-06T14:15:56+00:00 kkk333#00 I: Worker kkk333#09 has ended.
2023-12-06T14:15:56+00:00 kkk333#00 I: Worker kkk333#10 has ended.
2023-12-06T14:15:56+00:00 kkk333#00 I: Worker kkk333#11 has ended.
2023-12-06T14:15:56+00:00 kkk333#00 I: Worker kkk333#12 has ended.
2023-12-06T14:15:56+00:00 kkk333#00 I: Worker kkk333#13 has ended.
2023-12-06T14:15:56+00:00 kkk333#00 I: Used 13 worker during test execution.
2023-12-06T14:15:56+00:00 kkk333#00 I: Run 1 tests with shard kkk333#10.
2023-12-06T14:15:56+00:00 kkk333#00 I: Run 1 tests with shard kkk333#11.
2023-12-06T14:15:56+00:00 kkk333#00 I: Run 1 tests with shard kkk333#01.
2023-12-06T14:15:56+00:00 kkk333#00 I: Run 1 tests with shard kkk333#07.
2023-12-06T14:15:56+00:00 kkk333#00 I: Run 1 tests with shard kkk333#09.
2023-12-06T14:15:56+00:00 kkk333#00 I: Run 1 tests with shard kkk333#12.
2023-12-06T14:15:56+00:00 kkk333#00 I: Run 1 tests with shard kkk333#06.
2023-12-06T14:15:56+00:00 kkk333#00 I: Run 1 tests with shard kkk333#08.
2023-12-06T14:15:56+00:00 kkk333#00 I: Run 1 tests with shard kkk333#13.
2023-12-06T14:15:56+00:00 kkk333#00 I: Run 1 tests with shard kkk333#02.
2023-12-06T14:15:56+00:00 kkk333#00 I: Run 1 tests with shard kkk333#03.
2023-12-06T14:15:56+00:00 kkk333#00 I: Run 1 tests with shard kkk333#04.
2023-12-06T14:15:56+00:00 kkk333#00 I: Run 1 tests with shard kkk333#05.
2023-12-06T14:15:56+00:00 kkk333#00 I: Check health of shard kkk333#10, 6 times.
2023-12-06T14:15:56+00:00 kkk333#00 I: Check health of shard kkk333#11, 6 times.
2023-12-06T14:15:56+00:00 kkk333#00 I: Check health of shard kkk333#07, 6 times.
2023-12-06T14:15:56+00:00 kkk333#00 I: Check health of shard kkk333#01, 6 times.
2023-12-06T14:15:56+00:00 kkk333#00 I: Check health of shard kkk333#09, 6 times.
2023-12-06T14:15:56+00:00 kkk333#00 I: Check health of shard kkk333#12, 4 times.
2023-12-06T14:15:56+00:00 kkk333#00 I: Check health of shard kkk333#08, 6 times.
2023-12-06T14:15:56+00:00 kkk333#00 I: Check health of shard kkk333#06, 6 times.
2023-12-06T14:15:56+00:00 kkk333#00 I: Check health of shard kkk333#13, 1 times.
2023-12-06T14:15:56+00:00 kkk333#00 I: Check health of shard kkk333#02, 6 times.
2023-12-06T14:15:56+00:00 kkk333#00 I: Check health of shard kkk333#03, 6 times.
2023-12-06T14:15:56+00:00 kkk333#00 I: Check health of shard kkk333#04, 6 times.
2023-12-06T14:15:56+00:00 kkk333#00 I: Check health of shard kkk333#05, 6 times.
2023-12-06T14:15:56+00:00 kkk333#00 I: ==============
2023-12-06T14:15:56+00:00 kkk333#00 I: Summary:
2023-12-06T14:15:56+00:00 kkk333#00 I: Test suite:12:letif is successful.
2023-12-06T14:15:56+00:00 kkk333#00 I: Test suite:11:if3 is successful.
2023-12-06T14:15:56+00:00 kkk333#00 I: Test suite:10:if2 is successful.
2023-12-06T14:15:56+00:00 kkk333#00 I: Test suite:9:if1 is successful.
2023-12-06T14:15:56+00:00 kkk333#00 I: Test suite:8:mul4 is successful.
2023-12-06T14:15:56+00:00 kkk333#00 I: Test suite:7:mul3 is successful.
2023-12-06T14:15:56+00:00 kkk333#00 I: Test suite:6:mul2 is successful.
2023-12-06T14:15:56+00:00 kkk333#00 I: Test suite:5:mul1 is successful.
2023-12-06T14:15:56+00:00 kkk333#00 I: Test suite:4:lets is successful.
2023-12-06T14:15:56+00:00 kkk333#00 I: Test suite:3:let is successful.
2023-12-06T14:15:56+00:00 kkk333#00 I: Test suite:2:adds is successful.
2023-12-06T14:15:56+00:00 kkk333#00 I: Test suite:1:add is successful.
2023-12-06T14:15:56+00:00 kkk333#00 I: Test suite:0:int is successful.
2023-12-06T14:15:56+00:00 kkk333#00 I: Ran: 13 tests in: 0.11 seconds.
2023-12-06T14:15:56+00:00 kkk333#00 I: Cases: 13.
2023-12-06T14:15:56+00:00 kkk333#00 I: Tried: 13.
2023-12-06T14:15:56+00:00 kkk333#00 I: Errors: 0.
2023-12-06T14:15:56+00:00 kkk333#00 I: Failures: 0.
2023-12-06T14:15:56+00:00 kkk333#00 I: Skip: 0.
2023-12-06T14:15:56+00:00 kkk333#00 I: Todo: 0.
2023-12-06T14:15:56+00:00 kkk333#00 I: Timeout: 0.
